Removed Pin From Net: NetName=+12 Pin=R12-2
Removed Pin From Net: NetName=+12 Pin=U1-3
Added Component: Designator=R22(R 0603 (1608))
Add component (AddParameter): Name = "LatestRevisionDate"; Value = "17-Jul-2002"; VariantName = "[No Variations]"
Add component (AddParameter): Name = "LatestRevisionNote"; Value = "Re-released for DXP Platform."; VariantName = "[No Variations]"
Add component (AddParameter): Name = "PackageReference"; Value = "AXIAL-0.3"; VariantName = "[No Variations]"
Add component (AddParameter): Name = "Published"; Value = "8-Jun-2000"; VariantName = "[No Variations]"
Add component (AddParameter): Name = "Publisher"; Value = "Altium Limited"; VariantName = "[No Variations]"
Added Component: Designator=R23(R 0603 (1608))
Add component (AddParameter): Name = "LatestRevisionDate"; Value = "17-Jul-2002"; VariantName = "[No Variations]"
Add component (AddParameter): Name = "LatestRevisionNote"; Value = "Re-released for DXP Platform."; VariantName = "[No Variations]"
Add component (AddParameter): Name = "PackageReference"; Value = "AXIAL-0.3"; VariantName = "[No Variations]"
Add component (AddParameter): Name = "Published"; Value = "8-Jun-2000"; VariantName = "[No Variations]"
Add component (AddParameter): Name = "Publisher"; Value = "Altium Limited"; VariantName = "[No Variations]"
Added Component: Designator=R24(R 0603 (1608))
Add component (AddParameter): Name = "LatestRevisionDate"; Value = "17-Jul-2002"; VariantName = "[No Variations]"
Add component (AddParameter): Name = "LatestRevisionNote"; Value = "Re-released for DXP Platform."; VariantName = "[No Variations]"
Add component (AddParameter): Name = "PackageReference"; Value = "AXIAL-0.3"; VariantName = "[No Variations]"
Add component (AddParameter): Name = "Published"; Value = "8-Jun-2000"; VariantName = "[No Variations]"
Add component (AddParameter): Name = "Publisher"; Value = "Altium Limited"; VariantName = "[No Variations]"
Added Pin To Net: NetName=+12 Pin=R22-1
Added Pin To Net: NetName=+12 Pin=R23-2
Added Pin To Net: NetName=16V Pin=R24-2
Added Pin To Net: NetName=BATTERY Pin=R12-2
Added Pin To Net: NetName=BATTERY Pin=R23-1
Added Pin To Net: NetName=BATTERY Pin=R24-1
Added Net: Name=BATTERY
Added Pin To Net: NetName=NetR22_2 Pin=R22-2
Added Pin To Net: NetName=NetR22_2 Pin=U1-3
Added Net: Name=NetR22_2
Added Member To Class: ClassName=LoraWAN_Node Member=Component R22 0_Open
Added Member To Class: ClassName=LoraWAN_Node Member=Component R23 0_Close
Added Member To Class: ClassName=LoraWAN_Node Member=Component R24 0_Open
Added Room: Name=LoraWAN_Node
